<?xml version="1.0" encoding="UTF-8"?>
<testsuite name="org.adaschool.Weather.WeatherApplicationTests" tests="1" skipped="0" failures="0" errors="0" timestamp="2024-03-14T16:51:29" hostname="LAPTOP-4NO7TOD3" time="0.102">
  <properties/>
  <testcase name="getWeatherReportTest()" classname="org.adaschool.Weather.WeatherApplicationTests" time="0.102"/>
  <system-out><![CDATA[11:51:25.534 [Test worker] DEBUG org.springframework.boot.test.context.SpringBootTestContextBootstrapper - Neither @ContextConfiguration nor @ContextHierarchy found for test class [WeatherApplicationTests]: using SpringBootContextLoader
11:51:25.542 [Test worker] DEBUG org.springframework.test.context.support.AbstractContextLoader - Could not detect default resource locations for test class [org.adaschool.Weather.WeatherApplicationTests]: no resource found for suffixes {-context.xml, Context.groovy}.
11:51:25.586 [Test worker] DEBUG org.springframework.boot.test.context.SpringBootTestContextBootstrapper - Using ContextCustomizers for test class [WeatherApplicationTests]: [DisableObservabilityContextCustomizer, PropertyMappingContextCustomizer, Customizer, ExcludeFilterContextCustomizer, DuplicateJsonObjectContextCustomizer, MockitoContextCustomizer, TestRestTemplateContextCustomizer]
11:51:25.807 [Test worker] DEBUG org.springframework.test.context.util.TestContextSpringFactoriesUtils - Skipping candidate TestExecutionListener [org.springframework.test.context.transaction.TransactionalTestExecutionListener] due to a missing dependency. Specify custom TestExecutionListener classes or make the default TestExecutionListener classes and their required dependencies available. Offending class: [org/springframework/transaction/interceptor/TransactionAttributeSource]
11:51:25.811 [Test worker] DEBUG org.springframework.test.context.util.TestContextSpringFactoriesUtils - Skipping candidate TestExecutionListener [org.springframework.test.context.jdbc.SqlScriptsTestExecutionListener] due to a missing dependency. Specify custom TestExecutionListener classes or make the default TestExecutionListener classes and their required dependencies available. Offending class: [org/springframework/transaction/interceptor/TransactionAttribute]
11:51:25.814 [Test worker] DEBUG org.springframework.boot.test.context.SpringBootTestContextBootstrapper - Using TestExecutionListeners for test class [WeatherApplicationTests]: [ServletTestExecutionListener, DirtiesContextBeforeModesTestExecutionListener, ApplicationEventsTestExecutionListener, MockitoTestExecutionListener, DependencyInjectionTestExecutionListener, DirtiesContextTestExecutionListener, EventPublishingTestExecutionListener, RestDocsTestExecutionListener, MockRestServiceServerResetTestExecutionListener, MockMvcPrintOnlyOnFailureTestExecutionListener, WebDriverTestExecutionListener, MockWebServiceServerTestExecutionListener, ResetMocksTestExecutionListener]
11:51:25.816 [Test worker] DEBUG org.springframework.test.context.support.AbstractDirtiesContextTestExecutionListener - Before test class: class [WeatherApplicationTests], class annotated with @DirtiesContext [false] with mode [null]

  .   ____          _            __ _ _
 /\\ / ___'_ __ _ _(_)_ __  __ _ \ \ \ \
( ( )\___ | '_ | '_| | '_ \/ _` | \ \ \ \
 \\/  ___)| |_)| | | | | || (_| |  ) ) ) )
  '  |____| .__|_| |_|_| |_\__, | / / / /
 =========|_|==============|___/=/_/_/_/
 :: Spring Boot ::                (v3.0.3)

2024-03-14T11:51:26.324-05:00  INFO 18904 --- [    Test worker] o.a.Weather.WeatherApplicationTests      : Starting WeatherApplicationTests using Java 17.0.8 with PID 18904 (started by julia in C:\Users\julia\OneDrive\Escritorio\SEMESTRES\SEMESTRE 10\IETI\CodelabUnitTesting)
2024-03-14T11:51:26.328-05:00  INFO 18904 --- [    Test worker] o.a.Weather.WeatherApplicationTests      : No active profile set, falling back to 1 default profile: "default"
2024-03-14T11:51:28.468-05:00  INFO 18904 --- [    Test worker] o.a.Weather.WeatherApplicationTests      : Started WeatherApplicationTests in 2.558 seconds (process running for 4.187)
]]></system-out>
  <system-err><![CDATA[]]></system-err>
</testsuite>
